<?xml version="1.0" encoding="UTF-8"?>
<!-- Generated by org.testng.reporters.JUnitReportReporter -->
<testsuite hostname="INWPF1BWGP9-AAD" failures="0" tests="1" name="com.crm.qa.tests.TestContacts" time="24.065" errors="0" timestamp="2022-07-16T23:43:02 IST" skipped="0">
  <testcase classname="com.crm.qa.tests.TestContacts" name="validateUserInfoInContactsPage" time="24.065"/>
  <system-out/>
</testsuite> <!-- com.crm.qa.tests.TestContacts -->
