<?xml version="1.0" encoding="UTF-8"?>
<!-- Generated by org.testng.reporters.JUnitReportReporter -->
<testsuite hostname="INWPF1BWGP9-AAD" failures="0" tests="3" name="com.crm.qa.tests.TestHomePage" time="46.906" errors="0" timestamp="2022-07-20T16:35:29 IST" skipped="0">
  <testcase classname="com.crm.qa.tests.TestHomePage" name="validateUserInfo" time="13.763"/>
  <system-out/>
  <testcase classname="com.crm.qa.tests.TestHomePage" name="clickContacts" time="13.563"/>
  <system-out/>
  <testcase classname="com.crm.qa.tests.TestHomePage" name="hoverOnContacts" time="19.580"/>
  <system-out/>
</testsuite> <!-- com.crm.qa.tests.TestHomePage -->
