<?xml version="1.0" encoding="UTF-8"?>
<!-- Generated by org.testng.reporters.JUnitReportReporter -->
<testsuite hostname="INWPF1BWGP9-AAD" failures="0" tests="1" name="com.crm.qa.tests.TestContactsPage" time="25.012" errors="0" timestamp="2022-07-21T14:59:51 IST" skipped="0">
  <testcase classname="com.crm.qa.tests.TestContactsPage" name="validateUserInfoInContactsPage" time="25.012"/>
  <system-out/>
</testsuite> <!-- com.crm.qa.tests.TestContactsPage -->
