<?xml version="1.0" encoding="UTF-8"?>
<!-- Generated by org.testng.reporters.JUnitReportReporter -->
<testsuite hostname="INWPF1BWGP9-AAD" failures="0" tests="3" name="com.crm.qa.tests.TestHomePage" time="57.084" errors="0" timestamp="2022-07-23T19:48:53 IST" skipped="0">
  <testcase classname="com.crm.qa.tests.TestHomePage" name="validateUserInfo" time="17.567"/>
  <system-out/>
  <testcase classname="com.crm.qa.tests.TestHomePage" name="clickContacts" time="16.650"/>
  <system-out/>
  <testcase classname="com.crm.qa.tests.TestHomePage" name="hoverOnContacts" time="22.867"/>
  <system-out/>
</testsuite> <!-- com.crm.qa.tests.TestHomePage -->
