<?xml version="1.0" encoding="UTF-8"?>
<!-- Generated by org.testng.reporters.JUnitReportReporter -->
<testsuite hostname="INWPF1BWGP9-AAD" failures="0" tests="2" name="com.crm.qa.tests.TestLoginPage" time="28.154" errors="0" timestamp="2022-07-23T19:48:53 IST" skipped="0">
  <testcase classname="com.crm.qa.tests.TestLoginPage" name="validateTitle" time="9.167"/>
  <system-out/>
  <testcase classname="com.crm.qa.tests.TestLoginPage" name="validateLogin" time="18.987"/>
  <system-out/>
</testsuite> <!-- com.crm.qa.tests.TestLoginPage -->
